Arguments: 
  C:\Program Files\nodejs\node.exe C:\Program Files (x86)\Yarn\bin\yarn.js install

PATH: 
  C:\platform-tools;C:\Program Files\nodejs\;C:\Program Files (x86)\Yarn\bin\;C:\Program Files\Java\jre1.8.0_271\bin;C:\Users\JOEY\AppData\Local\Microsoft\WindowsApps;C:\Users\JOEY\AppData\Local\Programs\Microsoft VS Code\bin;C:\Users\JOEY\AppData\Roaming\npm;C:\Users\JOEY\AppData\Local\Yarn\bin;C:\Program Files\Java\jre1.8.0_271\bin;

Yarn version: 
  1.22.5

Node version: 
  12.18.3

Platform: 
  win32 x64

Trace: 
  SyntaxError: C:\Users\JOEY\Desktop\sinovalo\package.json: Unexpected token } in JSON at position 865
      at JSON.parse (<anonymous>)
      at C:\Program Files (x86)\Yarn\lib\cli.js:1625:59
      at Generator.next (<anonymous>)
      at step (C:\Program Files (x86)\Yarn\lib\cli.js:310:30)
      at C:\Program Files (x86)\Yarn\lib\cli.js:321:13

npm manifest: 
  {
    "main": "node_modules/expo/AppEntry.js",
    "scripts": {
      "start": "expo start",
      "android": "expo start --android",
      "ios": "expo start --ios",
      "web": "expo start --web",
      "eject": "expo eject"
    },
    "dependencies": {
      "@react-native-firebase/app": "^8.4.6",
      "@react-navigation/native": "^5.7.6",
      "expo": "~39.0.2",
      "expo-image-picker": "^9.1.1",
      "expo-status-bar": "~1.0.2",
      "firebase": "7.9.0",
      "react": "16.13.1",
      "react-dom": "16.13.1",
      "react-native": "https://github.com/expo/react-native/archive/sdk-39.0.2.tar.gz",
      "react-native-base64": "^0.1.0",
      "react-native-dropdown-picker": "^3.7.1",
      "react-native-elements": "^3.0.0-alpha.1",
      "react-native-listitem": "^1.0.5",
      "react-native-paper": "^4.2.0",
      "react-native-vector-icons": "^7.1.0",
      "react-native-web": "~0.13.12",
    },
    "devDependencies": {
      "@babel/core": "~7.9.0"
    },
    "private": true
  }

yarn manifest: 
  No manifest

Lockfile: 
  No lockfile
